<?xml version="1.0" encoding="UTF-8"?>
<!-- Generated by org.testng.reporters.JUnitReportReporter -->
<testsuite hostname="DESKTOP-URBGAET" failures="0" tests="1" name="com.store.testcases.ProductLoginTest" time="14.906" errors="0" timestamp="2022-03-20T19:21:09 BDT" skipped="0">
  <testcase classname="com.store.testcases.ProductLoginTest" name="loginTest" time="14.906"/>
  <system-out/>
</testsuite> <!-- com.store.testcases.ProductLoginTest -->
