<?xml version="1.0" encoding="UTF-8"?>
<!-- Generated by org.testng.reporters.JUnitReportReporter -->
<testsuite hostname="DESKTOP-URBGAET" failures="0" tests="1" name="com.store.testcases.LoginTest" time="3.496" errors="0" timestamp="2022-03-21T00:06:00 BDT" skipped="0">
  <testcase classname="com.store.testcases.LoginTest" name="testLogin" time="3.496"/>
  <system-out/>
</testsuite> <!-- com.store.testcases.LoginTest -->
